<?xml version="1.0" encoding="UTF-8"?>
<coverage generated="1778671027400" clover="3.2.0">
  <project timestamp="1778671027400" name="All files">
    <metrics statements="24" coveredstatements="23" conditionals="21" coveredconditionals="20" methods="4" coveredmethods="4" elements="49" coveredelements="47" complexity="0" loc="24" ncloc="24" packages="1" files="1" classes="1"/>
    <file name="betting.js" path="C:\Users\Сергей\casino.github.io\betting.js">
      <metrics statements="24" coveredstatements="23" conditionals="21" coveredconditionals="20" methods="4" coveredmethods="4"/>
      <line num="6" count="10" type="stmt"/>
      <line num="7" count="10" type="stmt"/>
      <line num="8" count="10" type="stmt"/>
      <line num="16" count="4" type="cond" truecount="3" falsecount="1"/>
      <line num="17" count="0" type="stmt"/>
      <line num="19" count="4" type="cond" truecount="4" falsecount="0"/>
      <line num="20" count="1" type="stmt"/>
      <line num="22" count="3" type="cond" truecount="2" falsecount="0"/>
      <line num="23" count="1" type="stmt"/>
      <line num="25" count="2" type="stmt"/>
      <line num="33" count="3" type="cond" truecount="5" falsecount="0"/>
      <line num="34" count="1" type="stmt"/>
      <line num="36" count="2" type="cond" truecount="2" falsecount="0"/>
      <line num="37" count="1" type="stmt"/>
      <line num="39" count="1" type="stmt"/>
      <line num="40" count="1" type="stmt"/>
      <line num="48" count="3" type="cond" truecount="2" falsecount="0"/>
      <line num="49" count="1" type="stmt"/>
      <line num="51" count="2" type="stmt"/>
      <line num="52" count="2" type="stmt"/>
      <line num="53" count="3" type="cond" truecount="2" falsecount="0"/>
      <line num="54" count="2" type="stmt"/>
      <line num="57" count="2" type="stmt"/>
      <line num="61" count="1" type="stmt"/>
    </file>
  </project>
</coverage>
