{"C:\\Users\\Asus\\Downloads\\casino.github.io\\betting.js": {"path":"C:\\Users\\Asus\\Downloads\\casino.github.io\\betting.js","statementMap":{"0":{"start":{"line":6,"column":8},"end":{"line":6,"column":26}},"1":{"start":{"line":7,"column":8},"end":{"line":7,"column":29}},"2":{"start":{"line":8,"column":8},"end":{"line":8,"column":46}},"3":{"start":{"line":16,"column":8},"end":{"line":18,"column":9}},"4":{"start":{"line":17,"column":12},"end":{"line":17,"column":50}},"5":{"start":{"line":19,"column":8},"end":{"line":21,"column":9}},"6":{"start":{"line":20,"column":12},"end":{"line":20,"column":51}},"7":{"start":{"line":22,"column":8},"end":{"line":24,"column":9}},"8":{"start":{"line":23,"column":12},"end":{"line":23,"column":61}},"9":{"start":{"line":25,"column":8},"end":{"line":25,"column":51}},"10":{"start":{"line":33,"column":8},"end":{"line":35,"column":9}},"11":{"start":{"line":34,"column":12},"end":{"line":34,"column":54}},"12":{"start":{"line":36,"column":8},"end":{"line":38,"column":9}},"13":{"start":{"line":37,"column":12},"end":{"line":37,"column":51}},"14":{"start":{"line":39,"column":8},"end":{"line":39,"column":28}},"15":{"start":{"line":40,"column":8},"end":{"line":40,"column":19}},"16":{"start":{"line":48,"column":8},"end":{"line":50,"column":9}},"17":{"start":{"line":49,"column":12},"end":{"line":49,"column":54}},"18":{"start":{"line":51,"column":20},"end":{"line":51,"column":21}},"19":{"start":{"line":52,"column":8},"end":{"line":56,"column":9}},"20":{"start":{"line":53,"column":12},"end":{"line":55,"column":13}},"21":{"start":{"line":54,"column":16},"end":{"line":54,"column":49}},"22":{"start":{"line":57,"column":8},"end":{"line":57,"column":40}},"23":{"start":{"line":61,"column":0},"end":{"line":61,"column":32}}},"fnMap":{"0":{"name":"(anonymous_0)","decl":{"start":{"line":5,"column":4},"end":{"line":5,"column":5}},"loc":{"start":{"line":5,"column":18},"end":{"line":9,"column":5}},"line":5},"1":{"name":"(anonymous_1)","decl":{"start":{"line":15,"column":4},"end":{"line":15,"column":5}},"loc":{"start":{"line":15,"column":27},"end":{"line":26,"column":5}},"line":15},"2":{"name":"(anonymous_2)","decl":{"start":{"line":32,"column":4},"end":{"line":32,"column":5}},"loc":{"start":{"line":32,"column":28},"end":{"line":41,"column":5}},"line":32},"3":{"name":"(anonymous_3)","decl":{"start":{"line":47,"column":4},"end":{"line":47,"column":5}},"loc":{"start":{"line":47,"column":31},"end":{"line":58,"column":5}},"line":47}},"branchMap":{"0":{"loc":{"start":{"line":16,"column":8},"end":{"line":18,"column":9}},"type":"if","locations":[{"start":{"line":16,"column":8},"end":{"line":18,"column":9}},{"start":{},"end":{}}],"line":16},"1":{"loc":{"start":{"line":16,"column":12},"end":{"line":16,"column":66}},"type":"binary-expr","locations":[{"start":{"line":16,"column":12},"end":{"line":16,"column":38}},{"start":{"line":16,"column":42},"end":{"line":16,"column":66}}],"line":16},"2":{"loc":{"start":{"line":19,"column":8},"end":{"line":21,"column":9}},"type":"if","locations":[{"start":{"line":19,"column":8},"end":{"line":21,"column":9}},{"start":{},"end":{}}],"line":19},"3":{"loc":{"start":{"line":19,"column":12},"end":{"line":19,"column":58}},"type":"binary-expr","locations":[{"start":{"line":19,"column":12},"end":{"line":19,"column":33}},{"start":{"line":19,"column":37},"end":{"line":19,"column":58}}],"line":19},"4":{"loc":{"start":{"line":22,"column":8},"end":{"line":24,"column":9}},"type":"if","locations":[{"start":{"line":22,"column":8},"end":{"line":24,"column":9}},{"start":{},"end":{}}],"line":22},"5":{"loc":{"start":{"line":33,"column":8},"end":{"line":35,"column":9}},"type":"if","locations":[{"start":{"line":33,"column":8},"end":{"line":35,"column":9}},{"start":{},"end":{}}],"line":33},"6":{"loc":{"start":{"line":33,"column":12},"end":{"line":33,"column":71}},"type":"binary-expr","locations":[{"start":{"line":33,"column":12},"end":{"line":33,"column":16}},{"start":{"line":33,"column":20},"end":{"line":33,"column":43}},{"start":{"line":33,"column":47},"end":{"line":33,"column":71}}],"line":33},"7":{"loc":{"start":{"line":36,"column":8},"end":{"line":38,"column":9}},"type":"if","locations":[{"start":{"line":36,"column":8},"end":{"line":38,"column":9}},{"start":{},"end":{}}],"line":36},"8":{"loc":{"start":{"line":48,"column":8},"end":{"line":50,"column":9}},"type":"if","locations":[{"start":{"line":48,"column":8},"end":{"line":50,"column":9}},{"start":{},"end":{}}],"line":48},"9":{"loc":{"start":{"line":53,"column":12},"end":{"line":55,"column":13}},"type":"if","locations":[{"start":{"line":53,"column":12},"end":{"line":55,"column":13}},{"start":{},"end":{}}],"line":53}},"s":{"0":10,"1":10,"2":10,"3":4,"4":0,"5":4,"6":1,"7":3,"8":1,"9":2,"10":3,"11":1,"12":2,"13":1,"14":1,"15":1,"16":3,"17":1,"18":2,"19":2,"20":3,"21":2,"22":2,"23":1},"f":{"0":10,"1":4,"2":3,"3":3},"b":{"0":[0,4],"1":[4,4],"2":[1,3],"3":[4,3],"4":[1,2],"5":[1,2],"6":[3,3,3],"7":[1,1],"8":[1,2],"9":[2,1]},"_coverageSchema":"1a1c01bbd47fc00a2c39e90264f33305004495a9","hash":"a900f56949682f6fdfda21ffec5ceb492b065341"}
}
