TN:
SF:betting.js
FN:18,(anonymous_0)
FN:29,(anonymous_1)
FN:46,(anonymous_2)
FN:65,(anonymous_3)
FNF:4
FNH:4
FNDA:10,(anonymous_0)
FNDA:4,(anonymous_1)
FNDA:3,(anonymous_2)
FNDA:3,(anonymous_3)
DA:3,1
DA:5,1
DA:14,1
DA:15,1
DA:16,1
DA:20,10
DA:21,10
DA:22,10
DA:30,4
DA:31,0
DA:33,4
DA:34,1
DA:36,3
DA:37,1
DA:39,2
DA:48,3
DA:50,3
DA:51,1
DA:53,2
DA:54,1
DA:58,1
DA:66,3
DA:67,1
DA:69,2
DA:70,2
DA:71,3
DA:72,2
DA:75,2
DA:79,1
LF:29
LH:28
BRDA:30,0,0,0
BRDA:30,0,1,4
BRDA:30,1,0,4
BRDA:30,1,1,4
BRDA:33,2,0,1
BRDA:33,2,1,3
BRDA:33,3,0,4
BRDA:33,3,1,3
BRDA:36,4,0,1
BRDA:36,4,1,2
BRDA:48,5,0,3
BRDA:48,5,1,3
BRDA:48,5,2,3
BRDA:50,6,0,1
BRDA:50,6,1,2
BRDA:53,7,0,1
BRDA:53,7,1,1
BRDA:66,8,0,1
BRDA:66,8,1,2
BRDA:71,9,0,2
BRDA:71,9,1,1
BRF:21
BRH:20
end_of_record
