TN:
SF:betting.js
FN:5,(anonymous_0)
FN:15,(anonymous_1)
FN:32,(anonymous_2)
FN:47,(anonymous_3)
FNF:4
FNH:4
FNDA:10,(anonymous_0)
FNDA:4,(anonymous_1)
FNDA:3,(anonymous_2)
FNDA:3,(anonymous_3)
DA:6,10
DA:7,10
DA:8,10
DA:16,4
DA:17,0
DA:19,4
DA:20,1
DA:22,3
DA:23,1
DA:25,2
DA:33,3
DA:34,1
DA:36,2
DA:37,1
DA:39,1
DA:40,1
DA:48,3
DA:49,1
DA:51,2
DA:52,2
DA:53,3
DA:54,2
DA:57,2
DA:61,1
LF:24
LH:23
BRDA:16,0,0,0
BRDA:16,0,1,4
BRDA:16,1,0,4
BRDA:16,1,1,4
BRDA:19,2,0,1
BRDA:19,2,1,3
BRDA:19,3,0,4
BRDA:19,3,1,3
BRDA:22,4,0,1
BRDA:22,4,1,2
BRDA:33,5,0,1
BRDA:33,5,1,2
BRDA:33,6,0,3
BRDA:33,6,1,3
BRDA:33,6,2,3
BRDA:36,7,0,1
BRDA:36,7,1,1
BRDA:48,8,0,1
BRDA:48,8,1,2
BRDA:53,9,0,2
BRDA:53,9,1,1
BRF:21
BRH:20
end_of_record
